<?xml version="1.0" encoding="UTF-8"?>
<testng-results skipped="0" failed="0" ignored="0" total="2" passed="2">
  <reporter-output>
  </reporter-output>
  <suite name="Default suite" duration-ms="48" started-at="2019-03-12T15:51:26Z" finished-at="2019-03-12T15:51:26Z">
    <groups>
    </groups>
    <test name="Default test" duration-ms="48" started-at="2019-03-12T15:51:26Z" finished-at="2019-03-12T15:51:26Z">
      <class name="FormatterTests">
        <test-method status="PASS" signature="given_one_text_and_limit_42_when_formatter_format_returns_expected_output_formatted()[pri:0, instance:FormatterTests@7c0e2abd]" name="given_one_text_and_limit_42_when_formatter_format_returns_expected_output_formatted" duration-ms="24" started-at="2019-03-12T12:51:26Z" finished-at="2019-03-12T12:51:26Z">
          <reporter-output>
          </reporter-output>
        </test-method> <!-- given_one_text_and_limit_42_when_formatter_format_returns_expected_output_formatted -->
        <test-method status="PASS" signature="given_one_text_and_limit_42_when_formatter_format_returns_file_with_default_text()[pri:0, instance:FormatterTests@7c0e2abd]" name="given_one_text_and_limit_42_when_formatter_format_returns_file_with_default_text" duration-ms="2" started-at="2019-03-12T12:51:26Z" finished-at="2019-03-12T12:51:26Z">
          <reporter-output>
          </reporter-output>
        </test-method> <!-- given_one_text_and_limit_42_when_formatter_format_returns_file_with_default_text -->
      </class> <!-- FormatterTests -->
    </test> <!-- Default test -->
  </suite> <!-- Default suite -->
</testng-results>
