<?xml version="1.0" encoding="UTF-8"?>
<!-- Generated by org.testng.reporters.JUnitXMLReporter -->
<testsuite hostname="LM-CARLOS-KAFKA" ignored="2" name="Default test" tests="1" failures="0" timestamp="12 mar 2019 18:36:42 GMT" time="0.032" errors="0">
  <testcase name="given_one_invalid_text_when_formatter_validate_input_and_format_lines_returns_expected_errors" time="0.014" classname="idwall.desafio.formatter.domain.TextTest"/>
  <testcase name="given_one_text_and_limit_42_when_formatter_format_returns_expected_output_formatted" time="0.0" classname="idwall.desafio.formatter.domain.TextTest">
    <ignored/>
  </testcase> <!-- given_one_text_and_limit_42_when_formatter_format_returns_expected_output_formatted -->
  <testcase name="given_two_files_when_format_files_return_if_they_are_equals" time="0.0" classname="idwall.desafio.formatter.domain.TextTest">
    <ignored/>
  </testcase> <!-- given_two_files_when_format_files_return_if_they_are_equals -->
</testsuite> <!-- Default test -->
