<?xml version="1.0" encoding="UTF-8"?>
<!-- Generated by org.testng.reporters.JUnitXMLReporter -->
<testsuite hostname="LM-CARLOS-KAFKA" ignored="0" name="Default test" tests="2" failures="0" timestamp="12 mar 2019 15:32:42 GMT" time="0.059" errors="0">
  <testcase name="given_one_text_and_limit_42_when_formatter_format_returns_expected_output_formatted" time="0.029" classname="idwall.desafio.formatter.FormatterTests"/>
  <testcase name="given_one_text_and_limit_42_when_formatter_format_returns_file_with_default_text" time="0.003" classname="idwall.desafio.formatter.FormatterTests"/>
</testsuite> <!-- Default test -->
